# JRE version: OpenJDK Runtime Environment Temurin-17.0.13+11 (17.0.13+11) (build 17.0.13+11)
# Java VM: OpenJDK 64-Bit Server VM Temurin-17.0.13+11 (17.0.13+11, mixed mode, tiered, compressed oops, compressed class ptrs, parallel gc, windows-amd64)
GC Precious Log:
 CPUs: 4 total, 4 available
 Memory: 3955M
 Large Page Support: Disabled
 NUMA Support: Disabled
 Compressed Oops: Enabled (32-bit)
 Alignments: Space 512K, Generation 512K, Heap 2M
 Heap Min Capacity: 100M
 Heap Initial Capacity: 100M
 Heap Max Capacity: 1G
 Pre-touch: Disabled
 Parallel Workers: 4
Heap:
 PSYoungGen      total 11776K, used 6656K [0x00000000eab00000, 0x00000000ebd00000, 0x0000000100000000)
  eden space 10240K, 50% used [0x00000000eab00000,0x00000000eb006740,0x00000000eb500000)
  from space 1536K, 98% used [0x00000000eb880000,0x00000000eb9f9990,0x00000000eba00000)
  to   space 3584K, 0% used [0x00000000eb500000,0x00000000eb500000,0x00000000eb880000)
 ParOldGen       total 349696K, used 244888K [0x00000000c0000000, 0x00000000d5580000, 0x00000000eab00000)
  object space 349696K, 70% used [0x00000000c0000000,0x00000000cef26370,0x00000000d5580000)
 Metaspace       used 102358K, committed 103744K, reserved 1179648K
  class space    used 10606K, committed 11264K, reserved 1048576K
GC Heap History (20 events):
Event: 2601.711 GC heap before
{Heap before GC invocations=4586 (full 70):
 PSYoungGen      total 16896K, used 16893K [0x00000000eab00000, 0x00000000ec100000, 0x0000000100000000)
  eden space 15360K, 100% used [0x00000000eab00000,0x00000000eba00000,0x00000000eba00000)
  from space 1536K, 99% used [0x00000000ebd00000,0x00000000ebe7f660,0x00000000ebe80000)
  to   space 3072K, 0% used [0x00000000eba00000,0x00000000eba00000,0x00000000ebd00000)
 ParOldGen       total 349696K, used 234886K [0x00000000c0000000, 0x00000000d5580000, 0x00000000eab00000)
  object space 349696K, 67% used [0x00000000c0000000,0x00000000ce561b90,0x00000000d5580000)
 Metaspace       used 102291K, committed 103744K, reserved 1179648K
  class space    used 10596K, committed 11264K, reserved 1048576K
}
Event: 2601.749 GC heap after
{Heap after GC invocations=4586 (full 70):
 PSYoungGen      total 17408K, used 1678K [0x00000000eab00000, 0x00000000ebe00000, 0x0000000100000000)
  eden space 15360K, 0% used [0x00000000eab00000,0x00000000eab00000,0x00000000eba00000)
  from space 2048K, 81% used [0x00000000eba00000,0x00000000ebba3b20,0x00000000ebc00000)
  to   space 2048K, 0% used [0x00000000ebc00000,0x00000000ebc00000,0x00000000ebe00000)
 ParOldGen       total 349696K, used 236444K [0x00000000c0000000, 0x00000000d5580000, 0x00000000eab00000)
  object space 349696K, 67% used [0x00000000c0000000,0x00000000ce6e7210,0x00000000d5580000)
 Metaspace       used 102291K, committed 103744K, reserved 1179648K
  class space    used 10596K, committed 11264K, reserved 1048576K
}
Event: 2602.268 GC heap before
{Heap before GC invocations=4587 (full 70):
 PSYoungGen      total 17408K, used 17038K [0x00000000eab00000, 0x00000000ebe00000, 0x0000000100000000)
  eden space 15360K, 100% used [0x00000000eab00000,0x00000000eba00000,0x00000000eba00000)
  from space 2048K, 81% used [0x00000000eba00000,0x00000000ebba3b20,0x00000000ebc00000)
  to   space 2048K, 0% used [0x00000000ebc00000,0x00000000ebc00000,0x00000000ebe00000)
 ParOldGen       total 349696K, used 236444K [0x00000000c0000000, 0x00000000d5580000, 0x00000000eab00000)
  object space 349696K, 67% used [0x00000000c0000000,0x00000000ce6e7210,0x00000000d5580000)
 Metaspace       used 102294K, committed 103744K, reserved 1179648K
  class space    used 10596K, committed 11264K, reserved 1048576K
}
Event: 2602.346 GC heap after
{Heap after GC invocations=4587 (full 70):
 PSYoungGen      total 13312K, used 2047K [0x00000000eab00000, 0x00000000ec600000, 0x0000000100000000)
  eden space 11264K, 0% used [0x00000000eab00000,0x00000000eab00000,0x00000000eb600000)
  from space 2048K, 99% used [0x00000000ebc00000,0x00000000ebdffdc0,0x00000000ebe00000)
  to   space 6144K, 0% used [0x00000000eb600000,0x00000000eb600000,0x00000000ebc00000)
 ParOldGen       total 349696K, used 239833K [0x00000000c0000000, 0x00000000d5580000, 0x00000000eab00000)
  object space 349696K, 68% used [0x00000000c0000000,0x00000000cea36660,0x00000000d5580000)
 Metaspace       used 102294K, committed 103744K, reserved 1179648K
  class space    used 10596K, committed 11264K, reserved 1048576K
}
Event: 2602.626 GC heap before
{Heap before GC invocations=4588 (full 70):
 PSYoungGen      total 13312K, used 13311K [0x00000000eab00000, 0x00000000ec600000, 0x0000000100000000)
  eden space 11264K, 100% used [0x00000000eab00000,0x00000000eb600000,0x00000000eb600000)
  from space 2048K, 99% used [0x00000000ebc00000,0x00000000ebdffdc0,0x00000000ebe00000)
  to   space 6144K, 0% used [0x00000000eb600000,0x00000000eb600000,0x00000000ebc00000)
 ParOldGen       total 349696K, used 239833K [0x00000000c0000000, 0x00000000d5580000, 0x00000000eab00000)
  object space 349696K, 68% used [0x00000000c0000000,0x00000000cea36660,0x00000000d5580000)
 Metaspace       used 102301K, committed 103744K, reserved 1179648K
  class space    used 10596K, committed 11264K, reserved 1048576K
}
Event: 2602.633 GC heap after
{Heap after GC invocations=4588 (full 70):
 PSYoungGen      total 12288K, used 542K [0x00000000eab00000, 0x00000000ebc80000, 0x0000000100000000)
  eden space 11264K, 0% used [0x00000000eab00000,0x00000000eab00000,0x00000000eb600000)
  from space 1024K, 53% used [0x00000000eb600000,0x00000000eb687b10,0x00000000eb700000)
  to   space 2560K, 0% used [0x00000000eba00000,0x00000000eba00000,0x00000000ebc80000)
 ParOldGen       total 349696K, used 239881K [0x00000000c0000000, 0x00000000d5580000, 0x00000000eab00000)
  object space 349696K, 68% used [0x00000000c0000000,0x00000000cea42660,0x00000000d5580000)
 Metaspace       used 102301K, committed 103744K, reserved 1179648K
  class space    used 10596K, committed 11264K, reserved 1048576K
}
Event: 2602.792 GC heap before
{Heap before GC invocations=4589 (full 70):
 PSYoungGen      total 12288K, used 11806K [0x00000000eab00000, 0x00000000ebc80000, 0x0000000100000000)
  eden space 11264K, 100% used [0x00000000eab00000,0x00000000eb600000,0x00000000eb600000)
  from space 1024K, 53% used [0x00000000eb600000,0x00000000eb687b10,0x00000000eb700000)
  to   space 2560K, 0% used [0x00000000eba00000,0x00000000eba00000,0x00000000ebc80000)
 ParOldGen       total 349696K, used 239881K [0x00000000c0000000, 0x00000000d5580000, 0x00000000eab00000)
  object space 349696K, 68% used [0x00000000c0000000,0x00000000cea42660,0x00000000d5580000)
 Metaspace       used 102302K, committed 103744K, reserved 1179648K
  class space    used 10596K, committed 11264K, reserved 1048576K
}
Event: 2602.809 GC heap after
{Heap after GC invocations=4589 (full 70):
 PSYoungGen      total 13312K, used 1689K [0x00000000eab00000, 0x00000000ebc00000, 0x0000000100000000)
  eden space 11264K, 0% used [0x00000000eab00000,0x00000000eab00000,0x00000000eb600000)
  from space 2048K, 82% used [0x00000000eba00000,0x00000000ebba6430,0x00000000ebc00000)
  to   space 2048K, 0% used [0x00000000eb800000,0x00000000eb800000,0x00000000eba00000)
 ParOldGen       total 349696K, used 240346K [0x00000000c0000000, 0x00000000d5580000, 0x00000000eab00000)
  object space 349696K, 68% used [0x00000000c0000000,0x00000000ceab6a80,0x00000000d5580000)
 Metaspace       used 102302K, committed 103744K, reserved 1179648K
  class space    used 10596K, committed 11264K, reserved 1048576K
}
Event: 2603.930 GC heap before
{Heap before GC invocations=4590 (full 70):
 PSYoungGen      total 13312K, used 12953K [0x00000000eab00000, 0x00000000ebc00000, 0x0000000100000000)
  eden space 11264K, 100% used [0x00000000eab00000,0x00000000eb600000,0x00000000eb600000)
  from space 2048K, 82% used [0x00000000eba00000,0x00000000ebba6430,0x00000000ebc00000)
  to   space 2048K, 0% used [0x00000000eb800000,0x00000000eb800000,0x00000000eba00000)
 ParOldGen       total 349696K, used 240346K [0x00000000c0000000, 0x00000000d5580000, 0x00000000eab00000)
  object space 349696K, 68% used [0x00000000c0000000,0x00000000ceab6a80,0x00000000d5580000)
 Metaspace       used 102304K, committed 103744K, reserved 1179648K
  class space    used 10596K, committed 11264K, reserved 1048576K
}
Event: 2603.962 GC heap after
{Heap after GC invocations=4590 (full 70):
 PSYoungGen      total 11776K, used 282K [0x00000000eab00000, 0x00000000eba80000, 0x0000000100000000)
  eden space 11264K, 0% used [0x00000000eab00000,0x00000000eab00000,0x00000000eb600000)
  from space 512K, 55% used [0x00000000eb800000,0x00000000eb846920,0x00000000eb880000)
  to   space 1024K, 0% used [0x00000000eb980000,0x00000000eb980000,0x00000000eba80000)
 ParOldGen       total 349696K, used 241499K [0x00000000c0000000, 0x00000000d5580000, 0x00000000eab00000)
  object space 349696K, 69% used [0x00000000c0000000,0x00000000cebd6cd0,0x00000000d5580000)
 Metaspace       used 102304K, committed 103744K, reserved 1179648K
  class space    used 10596K, committed 11264K, reserved 1048576K
}
Event: 2609.216 GC heap before
{Heap before GC invocations=4591 (full 70):
 PSYoungGen      total 11776K, used 11546K [0x00000000eab00000, 0x00000000eba80000, 0x0000000100000000)
  eden space 11264K, 100% used [0x00000000eab00000,0x00000000eb600000,0x00000000eb600000)
  from space 512K, 55% used [0x00000000eb800000,0x00000000eb846920,0x00000000eb880000)
  to   space 1024K, 0% used [0x00000000eb980000,0x00000000eb980000,0x00000000eba80000)
 ParOldGen       total 349696K, used 241499K [0x00000000c0000000, 0x00000000d5580000, 0x00000000eab00000)
  object space 349696K, 69% used [0x00000000c0000000,0x00000000cebd6cd0,0x00000000d5580000)
 Metaspace       used 102311K, committed 103744K, reserved 1179648K
  class space    used 10596K, committed 11264K, reserved 1048576K
}
Event: 2609.222 GC heap after
{Heap after GC invocations=4591 (full 70):
 PSYoungGen      total 12288K, used 852K [0x00000000eab00000, 0x00000000eba80000, 0x0000000100000000)
  eden space 11264K, 0% used [0x00000000eab00000,0x00000000eab00000,0x00000000eb600000)
  from space 1024K, 83% used [0x00000000eb980000,0x00000000eba55220,0x00000000eba80000)
  to   space 1024K, 0% used [0x00000000eb880000,0x00000000eb880000,0x00000000eb980000)
 ParOldGen       total 349696K, used 241531K [0x00000000c0000000, 0x00000000d5580000, 0x00000000eab00000)
  object space 349696K, 69% used [0x00000000c0000000,0x00000000cebdecd0,0x00000000d5580000)
 Metaspace       used 102311K, committed 103744K, reserved 1179648K
  class space    used 10596K, committed 11264K, reserved 1048576K
}
Event: 2610.401 GC heap before
{Heap before GC invocations=4592 (full 70):
 PSYoungGen      total 12288K, used 12116K [0x00000000eab00000, 0x00000000eba80000, 0x0000000100000000)
  eden space 11264K, 100% used [0x00000000eab00000,0x00000000eb600000,0x00000000eb600000)
  from space 1024K, 83% used [0x00000000eb980000,0x00000000eba55220,0x00000000eba80000)
  to   space 1024K, 0% used [0x00000000eb880000,0x00000000eb880000,0x00000000eb980000)
 ParOldGen       total 349696K, used 241531K [0x00000000c0000000, 0x00000000d5580000, 0x00000000eab00000)
  object space 349696K, 69% used [0x00000000c0000000,0x00000000cebdecd0,0x00000000d5580000)
 Metaspace       used 102312K, committed 103744K, reserved 1179648K
  class space    used 10596K, committed 11264K, reserved 1048576K
}
Event: 2610.407 GC heap after
{Heap after GC invocations=4592 (full 70):
 PSYoungGen      total 12288K, used 985K [0x00000000eab00000, 0x00000000eba00000, 0x0000000100000000)
  eden space 11264K, 0% used [0x00000000eab00000,0x00000000eab00000,0x00000000eb600000)
  from space 1024K, 96% used [0x00000000eb880000,0x00000000eb976450,0x00000000eb980000)
  to   space 512K, 0% used [0x00000000eb980000,0x00000000eb980000,0x00000000eba00000)
 ParOldGen       total 349696K, used 241531K [0x00000000c0000000, 0x00000000d5580000, 0x00000000eab00000)
  object space 349696K, 69% used [0x00000000c0000000,0x00000000cebdecd0,0x00000000d5580000)
 Metaspace       used 102312K, committed 103744K, reserved 1179648K
  class space    used 10596K, committed 11264K, reserved 1048576K
}
Event: 2610.506 GC heap before
{Heap before GC invocations=4593 (full 70):
 PSYoungGen      total 12288K, used 12249K [0x00000000eab00000, 0x00000000eba00000, 0x0000000100000000)
  eden space 11264K, 100% used [0x00000000eab00000,0x00000000eb600000,0x00000000eb600000)
  from space 1024K, 96% used [0x00000000eb880000,0x00000000eb976450,0x00000000eb980000)
  to   space 512K, 0% used [0x00000000eb980000,0x00000000eb980000,0x00000000eba00000)
 ParOldGen       total 349696K, used 241531K [0x00000000c0000000, 0x00000000d5580000, 0x00000000eab00000)
  object space 349696K, 69% used [0x00000000c0000000,0x00000000cebdecd0,0x00000000d5580000)
 Metaspace       used 102312K, committed 103744K, reserved 1179648K
  class space    used 10596K, committed 11264K, reserved 1048576K
}
Event: 2610.535 GC heap after
{Heap after GC invocations=4593 (full 70):
 PSYoungGen      total 11776K, used 500K [0x00000000eab00000, 0x00000000ebb00000, 0x0000000100000000)
  eden space 11264K, 0% used [0x00000000eab00000,0x00000000eab00000,0x00000000eb600000)
  from space 512K, 97% used [0x00000000eb980000,0x00000000eb9fd240,0x00000000eba00000)
  to   space 2560K, 0% used [0x00000000eb600000,0x00000000eb600000,0x00000000eb880000)
 ParOldGen       total 349696K, used 243036K [0x00000000c0000000, 0x00000000d5580000, 0x00000000eab00000)
  object space 349696K, 69% used [0x00000000c0000000,0x00000000ced57130,0x00000000d5580000)
 Metaspace       used 102312K, committed 103744K, reserved 1179648K
  class space    used 10596K, committed 11264K, reserved 1048576K
}
Event: 2625.433 GC heap before
{Heap before GC invocations=4594 (full 70):
 PSYoungGen      total 11776K, used 11764K [0x00000000eab00000, 0x00000000ebb00000, 0x0000000100000000)
  eden space 11264K, 100% used [0x00000000eab00000,0x00000000eb600000,0x00000000eb600000)
  from space 512K, 97% used [0x00000000eb980000,0x00000000eb9fd240,0x00000000eba00000)
  to   space 2560K, 0% used [0x00000000eb600000,0x00000000eb600000,0x00000000eb880000)
 ParOldGen       total 349696K, used 243036K [0x00000000c0000000, 0x00000000d5580000, 0x00000000eab00000)
  object space 349696K, 69% used [0x00000000c0000000,0x00000000ced57130,0x00000000d5580000)
 Metaspace       used 102314K, committed 103744K, reserved 1179648K
  class space    used 10596K, committed 11264K, reserved 1048576K
}
Event: 2625.454 GC heap after
{Heap after GC invocations=4594 (full 70):
 PSYoungGen      total 13824K, used 596K [0x00000000eab00000, 0x00000000eba00000, 0x0000000100000000)
  eden space 11264K, 0% used [0x00000000eab00000,0x00000000eab00000,0x00000000eb600000)
  from space 2560K, 23% used [0x00000000eb600000,0x00000000eb695220,0x00000000eb880000)
  to   space 1536K, 0% used [0x00000000eb880000,0x00000000eb880000,0x00000000eba00000)
 ParOldGen       total 349696K, used 243528K [0x00000000c0000000, 0x00000000d5580000, 0x00000000eab00000)
  object space 349696K, 69% used [0x00000000c0000000,0x00000000cedd2370,0x00000000d5580000)
 Metaspace       used 102314K, committed 103744K, reserved 1179648K
  class space    used 10596K, committed 11264K, reserved 1048576K
}
Event: 2757.580 GC heap before
{Heap before GC invocations=4595 (full 70):
 PSYoungGen      total 13824K, used 11860K [0x00000000eab00000, 0x00000000eba00000, 0x0000000100000000)
  eden space 11264K, 100% used [0x00000000eab00000,0x00000000eb600000,0x00000000eb600000)
  from space 2560K, 23% used [0x00000000eb600000,0x00000000eb695220,0x00000000eb880000)
  to   space 1536K, 0% used [0x00000000eb880000,0x00000000eb880000,0x00000000eba00000)
 ParOldGen       total 349696K, used 243528K [0x00000000c0000000, 0x00000000d5580000, 0x00000000eab00000)
  object space 349696K, 69% used [0x00000000c0000000,0x00000000cedd2370,0x00000000d5580000)
 Metaspace       used 102344K, committed 103744K, reserved 1179648K
  class space    used 10604K, committed 11264K, reserved 1048576K
}
Event: 2757.620 GC heap after
{Heap after GC invocations=4595 (full 70):
 PSYoungGen      total 11776K, used 1510K [0x00000000eab00000, 0x00000000ebd00000, 0x0000000100000000)
  eden space 10240K, 0% used [0x00000000eab00000,0x00000000eab00000,0x00000000eb500000)
  from space 1536K, 98% used [0x00000000eb880000,0x00000000eb9f9990,0x00000000eba00000)
  to   space 3584K, 0% used [0x00000000eb500000,0x00000000eb500000,0x00000000eb880000)
 ParOldGen       total 349696K, used 244888K [0x00000000c0000000, 0x00000000d5580000, 0x00000000eab00000)
  object space 349696K, 70% used [0x00000000c0000000,0x00000000cef26370,0x00000000d5580000)
 Metaspace       used 102344K, committed 103744K, reserved 1179648K
  class space    used 10604K, committed 11264K, reserved 1048576K
}

